---------------------------------------
Begin Slurm Prolog: Apr-26-2025 01:37:39
Job ID:    2537558
User ID:   ryoshida7
Account:   coc
Job name:  256M-instruct-comp-ti-14
Partition: coc-gpu
QOS:       coc-ice
---------------------------------------
No label_names provided for model class `PeftModelForCausalLM`. Since `PeftModel` hides base models input arguments, if label_names is not given, label_names can't be set automatically within `Trainer`. Note that empty label_names list will be used instead.
r 256
lora_alpha 256
lora_dropout 0.1
target_modules ['q_proj', 'k_proj', 'v_proj', 'o_proj', 'gate_proj', 'up_proj', 'down_proj', 'lm_head']

  0%|          | 0/147 [00:00<?, ?it/s]`use_cache=True` is incompatible with gradient checkpointing. Setting `use_cache=False`...
The input hidden states seems to be silently casted in float32, this might be related to the fact you have upcasted embedding or layer norm layers in float32. We will cast back the input in torch.bfloat16.

  1%|          | 1/147 [00:13<33:03, 13.59s/it]
  1%|â–         | 2/147 [00:21<24:48, 10.26s/it]
  2%|â–         | 3/147 [00:29<22:11,  9.25s/it]
  3%|â–Ž         | 4/147 [00:37<20:57,  8.79s/it]
  3%|â–Ž         | 5/147 [00:45<20:15,  8.56s/it]
  4%|â–         | 6/147 [00:54<19:52,  8.46s/it]
  5%|â–         | 7/147 [01:01<19:18,  8.28s/it]
  5%|â–Œ         | 8/147 [01:09<18:59,  8.20s/it]
  6%|â–Œ         | 9/147 [01:18<18:45,  8.16s/it]
  7%|â–‹         | 10/147 [01:26<18:35,  8.14s/it]
  7%|â–‹         | 11/147 [01:34<18:19,  8.08s/it]
  8%|â–Š         | 12/147 [01:42<18:17,  8.13s/it]
  9%|â–‰         | 13/147 [01:50<18:06,  8.11s/it]
 10%|â–‰         | 14/147 [01:58<17:58,  8.11s/it]
 10%|â–ˆ         | 15/147 [02:06<17:45,  8.07s/it]
 11%|â–ˆ         | 16/147 [02:14<17:34,  8.05s/it]
 12%|â–ˆâ–        | 17/147 [02:22<17:30,  8.08s/it]
 12%|â–ˆâ–        | 18/147 [02:31<17:34,  8.17s/it]
 13%|â–ˆâ–Ž        | 19/147 [02:39<17:26,  8.18s/it]
 14%|â–ˆâ–Ž        | 20/147 [02:47<17:20,  8.19s/it]
 14%|â–ˆâ–        | 21/147 [02:55<17:07,  8.16s/it]
 15%|â–ˆâ–        | 22/147 [03:03<16:56,  8.13s/it]
 16%|â–ˆâ–Œ        | 23/147 [03:11<16:44,  8.10s/it]
 16%|â–ˆâ–‹        | 24/147 [03:19<16:36,  8.10s/it]
 17%|â–ˆâ–‹        | 25/147 [03:27<16:24,  8.07s/it]
                                                

 17%|â–ˆâ–‹        | 25/147 [03:27<16:24,  8.07s/it]
 18%|â–ˆâ–Š        | 26/147 [03:35<16:15,  8.06s/it]
 18%|â–ˆâ–Š        | 27/147 [03:43<16:02,  8.02s/it]
 19%|â–ˆâ–‰        | 28/147 [03:52<16:04,  8.11s/it]
 20%|â–ˆâ–‰        | 29/147 [04:00<15:57,  8.11s/it]
 20%|â–ˆâ–ˆ        | 30/147 [04:08<15:41,  8.05s/it]
 21%|â–ˆâ–ˆ        | 31/147 [04:15<15:27,  7.99s/it]
 22%|â–ˆâ–ˆâ–       | 32/147 [04:24<15:26,  8.05s/it]
 22%|â–ˆâ–ˆâ–       | 33/147 [04:32<15:14,  8.02s/it]
 23%|â–ˆâ–ˆâ–Ž       | 34/147 [04:40<15:12,  8.07s/it]
 24%|â–ˆâ–ˆâ–       | 35/147 [04:48<15:06,  8.09s/it]
 24%|â–ˆâ–ˆâ–       | 36/147 [04:56<14:56,  8.07s/it]
 25%|â–ˆâ–ˆâ–Œ       | 37/147 [05:04<14:53,  8.12s/it]
 26%|â–ˆâ–ˆâ–Œ       | 38/147 [05:12<14:41,  8.08s/it]
 27%|â–ˆâ–ˆâ–‹       | 39/147 [05:20<14:35,  8.10s/it]
 27%|â–ˆâ–ˆâ–‹       | 40/147 [05:28<14:27,  8.11s/it]
 28%|â–ˆâ–ˆâ–Š       | 41/147 [05:37<14:27,  8.18s/it]
 29%|â–ˆâ–ˆâ–Š       | 42/147 [05:45<14:14,  8.14s/it]
 29%|â–ˆâ–ˆâ–‰       | 43/147 [05:53<14:01,  8.09s/it]
 30%|â–ˆâ–ˆâ–‰       | 44/147 [06:01<13:49,  8.06s/it]
 31%|â–ˆâ–ˆâ–ˆ       | 45/147 [06:09<13:47,  8.11s/it]
 31%|â–ˆâ–ˆâ–ˆâ–      | 46/147 [06:17<13:37,  8.10s/it]
 32%|â–ˆâ–ˆâ–ˆâ–      | 47/147 [06:25<13:36,  8.17s/it]
 33%|â–ˆâ–ˆâ–ˆâ–Ž      | 48/147 [06:34<13:34,  8.23s/it]
 33%|â–ˆâ–ˆâ–ˆâ–Ž      | 49/147 [06:41<12:53,  7.89s/it]{'loss': 1.6887, 'grad_norm': 0.31738483905792236, 'learning_rate': 9.885734329855798e-05, 'num_tokens': 402507.0, 'mean_token_accuracy': 0.6847200021147728, 'epoch': 0.51}


  0%|          | 0/25 [00:00<?, ?it/s][A

  8%|â–Š         | 2/25 [00:02<00:28,  1.24s/it][A

 12%|â–ˆâ–        | 3/25 [00:04<00:37,  1.71s/it][A

 16%|â–ˆâ–Œ        | 4/25 [00:07<00:45,  2.15s/it][A

 20%|â–ˆâ–ˆ        | 5/25 [00:10<00:44,  2.24s/it][A

 24%|â–ˆâ–ˆâ–       | 6/25 [00:12<00:44,  2.34s/it][A

 28%|â–ˆâ–ˆâ–Š       | 7/25 [00:15<00:42,  2.38s/it][A

 32%|â–ˆâ–ˆâ–ˆâ–      | 8/25 [00:17<00:40,  2.39s/it][A

 36%|â–ˆâ–ˆâ–ˆâ–Œ      | 9/25 [00:19<00:38,  2.39s/it][A

 40%|â–ˆâ–ˆâ–ˆâ–ˆ      | 10/25 [00:22<00:36,  2.45s/it][A

 44%|â–ˆâ–ˆâ–ˆâ–ˆâ–     | 11/25 [00:25<00:34,  2.46s/it][A

 48%|â–ˆâ–ˆâ–ˆâ–ˆâ–Š     | 12/25 [00:27<00:31,  2.45s/it][A

 52%|â–ˆâ–ˆâ–ˆâ–ˆâ–ˆâ–    | 13/25 [00:29<00:29,  2.43s/it][A

 56%|â–ˆâ–ˆâ–ˆâ–ˆâ–ˆâ–Œ    | 14/25 [00:32<00:26,  2.40s/it][A

 60%|â–ˆâ–ˆâ–ˆâ–ˆâ–ˆâ–ˆ    | 15/25 [00:34<00:24,  2.40s/it][A

 64%|â–ˆâ–ˆâ–ˆâ–ˆâ–ˆâ–ˆâ–   | 16/25 [00:36<00:21,  2.41s/it][A

 68%|â–ˆâ–ˆâ–ˆâ–ˆâ–ˆâ–ˆâ–Š   | 17/25 [00:39<00:19,  2.44s/it][A

 72%|â–ˆâ–ˆâ–ˆâ–ˆâ–ˆâ–ˆâ–ˆâ–  | 18/25 [00:42<00:17,  2.50s/it][A

 76%|â–ˆâ–ˆâ–ˆâ–ˆâ–ˆâ–ˆâ–ˆâ–Œ  | 19/25 [00:44<00:14,  2.49s/it][A

 80%|â–ˆâ–ˆâ–ˆâ–ˆâ–ˆâ–ˆâ–ˆâ–ˆ  | 20/25 [00:47<00:12,  2.50s/it][A

 84%|â–ˆâ–ˆâ–ˆâ–ˆâ–ˆâ–ˆâ–ˆâ–ˆâ– | 21/25 [00:49<00:09,  2.49s/it][A

 88%|â–ˆâ–ˆâ–ˆâ–ˆâ–ˆâ–ˆâ–ˆâ–ˆâ–Š | 22/25 [00:52<00:07,  2.48s/it][A

 92%|â–ˆâ–ˆâ–ˆâ–ˆâ–ˆâ–ˆâ–ˆâ–ˆâ–ˆâ–| 23/25 [00:54<00:04,  2.44s/it][A

 96%|â–ˆâ–ˆâ–ˆâ–ˆâ–ˆâ–ˆâ–ˆâ–ˆâ–ˆâ–Œ| 24/25 [00:55<00:02,  2.16s/it][A

100%|â–ˆâ–ˆâ–ˆâ–ˆâ–ˆâ–ˆâ–ˆâ–ˆâ–ˆâ–ˆ| 25/25 [00:56<00:00,  1.61s/it][A
                                                

                                               
[A
 33%|â–ˆâ–ˆâ–ˆâ–Ž      | 49/147 [07:41<12:53,  7.89s/it]

100%|â–ˆâ–ˆâ–ˆâ–ˆâ–ˆâ–ˆâ–ˆâ–ˆâ–ˆâ–ˆ| 25/25 [00:56<00:00,  1.61s/it][A

                                               [A/home/hice1/ryoshida7/scratch/py10_vlm/lib/python3.10/site-packages/peft/utils/save_and_load.py:220: UserWarning: Setting `save_embedding_layers` to `True` as embedding layers found in `target_modules`.
  warnings.warn("Setting `save_embedding_layers` to `True` as embedding layers found in `target_modules`.")

 34%|â–ˆâ–ˆâ–ˆâ–      | 50/147 [07:51<42:53, 26.53s/it]
                                                

 34%|â–ˆâ–ˆâ–ˆâ–      | 50/147 [07:51<42:53, 26.53s/it]
 35%|â–ˆâ–ˆâ–ˆâ–      | 51/147 [07:59<33:35, 20.99s/it]
 35%|â–ˆâ–ˆâ–ˆâ–Œ      | 52/147 [08:07<27:02, 17.08s/it]
 36%|â–ˆâ–ˆâ–ˆâ–Œ      | 53/147 [08:15<22:33, 14.40s/it]
 37%|â–ˆâ–ˆâ–ˆâ–‹      | 54/147 [08:23<19:26, 12.55s/it]
 37%|â–ˆâ–ˆâ–ˆâ–‹      | 55/147 [08:31<17:07, 11.17s/it]
 38%|â–ˆâ–ˆâ–ˆâ–Š      | 56/147 [08:40<15:37, 10.31s/it]
 39%|â–ˆâ–ˆâ–ˆâ–‰      | 57/147 [08:48<14:30,  9.67s/it]
 39%|â–ˆâ–ˆâ–ˆâ–‰      | 58/147 [08:56<13:44,  9.26s/it]
 40%|â–ˆâ–ˆâ–ˆâ–ˆ      | 59/147 [09:04<12:57,  8.83s/it]
 41%|â–ˆâ–ˆâ–ˆâ–ˆ      | 60/147 [09:12<12:32,  8.65s/it]
 41%|â–ˆâ–ˆâ–ˆâ–ˆâ–     | 61/147 [09:20<12:04,  8.43s/it]
 42%|â–ˆâ–ˆâ–ˆâ–ˆâ–     | 62/147 [09:28<11:53,  8.39s/it]
 43%|â–ˆâ–ˆâ–ˆâ–ˆâ–Ž     | 63/147 [09:36<11:36,  8.29s/it]
 44%|â–ˆâ–ˆâ–ˆâ–ˆâ–Ž     | 64/147 [09:45<11:28,  8.29s/it]
 44%|â–ˆâ–ˆâ–ˆâ–ˆâ–     | 65/147 [09:53<11:19,  8.28s/it]
 45%|â–ˆâ–ˆâ–ˆâ–ˆâ–     | 66/147 [10:01<11:03,  8.19s/it]
 46%|â–ˆâ–ˆâ–ˆâ–ˆâ–Œ     | 67/147 [10:09<10:50,  8.14s/it]
 46%|â–ˆâ–ˆâ–ˆâ–ˆâ–‹     | 68/147 [10:17<10:41,  8.12s/it]
 47%|â–ˆâ–ˆâ–ˆâ–ˆâ–‹     | 69/147 [10:25<10:34,  8.13s/it]
 48%|â–ˆâ–ˆâ–ˆâ–ˆâ–Š     | 70/147 [10:33<10:23,  8.10s/it]
 48%|â–ˆâ–ˆâ–ˆâ–ˆâ–Š     | 71/147 [10:41<10:16,  8.11s/it]
 49%|â–ˆâ–ˆâ–ˆâ–ˆâ–‰     | 72/147 [10:49<10:08,  8.12s/it]
 50%|â–ˆâ–ˆâ–ˆâ–ˆâ–‰     | 73/147 [10:58<10:04,  8.17s/it]
 50%|â–ˆâ–ˆâ–ˆâ–ˆâ–ˆ     | 74/147 [11:06<09:51,  8.10s/it]
 51%|â–ˆâ–ˆâ–ˆâ–ˆâ–ˆ     | 75/147 [11:14<09:44,  8.12s/it]
                                                

 51%|â–ˆâ–ˆâ–ˆâ–ˆâ–ˆ     | 75/147 [11:14<09:44,  8.12s/it]
 52%|â–ˆâ–ˆâ–ˆâ–ˆâ–ˆâ–    | 76/147 [11:22<09:40,  8.17s/it]
 52%|â–ˆâ–ˆâ–ˆâ–ˆâ–ˆâ–    | 77/147 [11:30<09:29,  8.13s/it]
 53%|â–ˆâ–ˆâ–ˆâ–ˆâ–ˆâ–Ž    | 78/147 [11:38<09:20,  8.13s/it]
 54%|â–ˆâ–ˆâ–ˆâ–ˆâ–ˆâ–Ž    | 79/147 [11:46<09:08,  8.06s/it]
 54%|â–ˆâ–ˆâ–ˆâ–ˆâ–ˆâ–    | 80/147 [11:54<08:59,  8.05s/it]
 55%|â–ˆâ–ˆâ–ˆâ–ˆâ–ˆâ–Œ    | 81/147 [12:02<08:52,  8.06s/it]
 56%|â–ˆâ–ˆâ–ˆâ–ˆâ–ˆâ–Œ    | 82/147 [12:10<08:41,  8.02s/it]
 56%|â–ˆâ–ˆâ–ˆâ–ˆâ–ˆâ–‹    | 83/147 [12:18<08:33,  8.03s/it]
 57%|â–ˆâ–ˆâ–ˆâ–ˆâ–ˆâ–‹    | 84/147 [12:26<08:25,  8.02s/it]
 58%|â–ˆâ–ˆâ–ˆâ–ˆâ–ˆâ–Š    | 85/147 [12:34<08:13,  7.97s/it]
 59%|â–ˆâ–ˆâ–ˆâ–ˆâ–ˆâ–Š    | 86/147 [12:42<08:05,  7.97s/it]
 59%|â–ˆâ–ˆâ–ˆâ–ˆâ–ˆâ–‰    | 87/147 [12:50<07:57,  7.96s/it]
 60%|â–ˆâ–ˆâ–ˆâ–ˆâ–ˆâ–‰    | 88/147 [12:58<07:54,  8.03s/it]
 61%|â–ˆâ–ˆâ–ˆâ–ˆâ–ˆâ–ˆ    | 89/147 [13:06<07:46,  8.05s/it]
 61%|â–ˆâ–ˆâ–ˆâ–ˆâ–ˆâ–ˆ    | 90/147 [13:15<07:45,  8.17s/it]
 62%|â–ˆâ–ˆâ–ˆâ–ˆâ–ˆâ–ˆâ–   | 91/147 [13:23<07:39,  8.20s/it]
 63%|â–ˆâ–ˆâ–ˆâ–ˆâ–ˆâ–ˆâ–Ž   | 92/147 [13:31<07:30,  8.19s/it]
 63%|â–ˆâ–ˆâ–ˆâ–ˆâ–ˆâ–ˆâ–Ž   | 93/147 [13:39<07:20,  8.15s/it]
 64%|â–ˆâ–ˆâ–ˆâ–ˆâ–ˆâ–ˆâ–   | 94/147 [13:47<07:12,  8.17s/it]
 65%|â–ˆâ–ˆâ–ˆâ–ˆâ–ˆâ–ˆâ–   | 95/147 [13:56<07:04,  8.17s/it]
 65%|â–ˆâ–ˆâ–ˆâ–ˆâ–ˆâ–ˆâ–Œ   | 96/147 [14:04<06:54,  8.14s/it]
 66%|â–ˆâ–ˆâ–ˆâ–ˆâ–ˆâ–ˆâ–Œ   | 97/147 [14:12<06:43,  8.08s/it]
 67%|â–ˆâ–ˆâ–ˆâ–ˆâ–ˆâ–ˆâ–‹   | 98/147 [14:19<06:23,  7.82s/it]{'eval_loss': 0.24090154469013214, 'eval_runtime': 60.4843, 'eval_samples_per_second': 3.241, 'eval_steps_per_second': 0.413, 'eval_num_tokens': 790263.0, 'eval_mean_token_accuracy': 0.9465308690071106, 'epoch': 1.0}
{'loss': 0.2757, 'grad_norm': 0.30482715368270874, 'learning_rate': 8.450395057410561e-05, 'num_tokens': 806179.0, 'mean_token_accuracy': 0.9450673562288284, 'epoch': 1.02}
{'loss': 0.1911, 'grad_norm': 0.28368455171585083, 'learning_rate': 5.829150026271871e-05, 'num_tokens': 1211058.0, 'mean_token_accuracy': 0.9522387599945068, 'epoch': 1.53}


  0%|          | 0/25 [00:00<?, ?it/s][A

  8%|â–Š         | 2/25 [00:02<00:28,  1.26s/it][A

 12%|â–ˆâ–        | 3/25 [00:04<00:37,  1.70s/it][A

 16%|â–ˆâ–Œ        | 4/25 [00:07<00:42,  2.03s/it][A

 20%|â–ˆâ–ˆ        | 5/25 [00:09<00:43,  2.17s/it][A

 24%|â–ˆâ–ˆâ–       | 6/25 [00:12<00:43,  2.29s/it][A

 28%|â–ˆâ–ˆâ–Š       | 7/25 [00:14<00:42,  2.35s/it][A

 32%|â–ˆâ–ˆâ–ˆâ–      | 8/25 [00:17<00:40,  2.36s/it][A

 36%|â–ˆâ–ˆâ–ˆâ–Œ      | 9/25 [00:19<00:37,  2.37s/it][A

 40%|â–ˆâ–ˆâ–ˆâ–ˆ      | 10/25 [00:22<00:36,  2.42s/it][A

 44%|â–ˆâ–ˆâ–ˆâ–ˆâ–     | 11/25 [00:24<00:33,  2.42s/it][A

 48%|â–ˆâ–ˆâ–ˆâ–ˆâ–Š     | 12/25 [00:27<00:31,  2.42s/it][A

 52%|â–ˆâ–ˆâ–ˆâ–ˆâ–ˆâ–    | 13/25 [00:29<00:28,  2.41s/it][A

 56%|â–ˆâ–ˆâ–ˆâ–ˆâ–ˆâ–Œ    | 14/25 [00:31<00:26,  2.39s/it][A

 60%|â–ˆâ–ˆâ–ˆâ–ˆâ–ˆâ–ˆ    | 15/25 [00:34<00:24,  2.41s/it][A

 64%|â–ˆâ–ˆâ–ˆâ–ˆâ–ˆâ–ˆâ–   | 16/25 [00:36<00:21,  2.41s/it][A

 68%|â–ˆâ–ˆâ–ˆâ–ˆâ–ˆâ–ˆâ–Š   | 17/25 [00:39<00:19,  2.45s/it][A

 72%|â–ˆâ–ˆâ–ˆâ–ˆâ–ˆâ–ˆâ–ˆâ–  | 18/25 [00:41<00:17,  2.51s/it][A

 76%|â–ˆâ–ˆâ–ˆâ–ˆâ–ˆâ–ˆâ–ˆâ–Œ  | 19/25 [00:44<00:14,  2.50s/it][A

 80%|â–ˆâ–ˆâ–ˆâ–ˆâ–ˆâ–ˆâ–ˆâ–ˆ  | 20/25 [00:46<00:12,  2.51s/it][A

 84%|â–ˆâ–ˆâ–ˆâ–ˆâ–ˆâ–ˆâ–ˆâ–ˆâ– | 21/25 [00:49<00:09,  2.50s/it][A

 88%|â–ˆâ–ˆâ–ˆâ–ˆâ–ˆâ–ˆâ–ˆâ–ˆâ–Š | 22/25 [00:51<00:07,  2.48s/it][A

 92%|â–ˆâ–ˆâ–ˆâ–ˆâ–ˆâ–ˆâ–ˆâ–ˆâ–ˆâ–| 23/25 [00:54<00:04,  2.45s/it][A

 96%|â–ˆâ–ˆâ–ˆâ–ˆâ–ˆâ–ˆâ–ˆâ–ˆâ–ˆâ–Œ| 24/25 [00:55<00:02,  2.16s/it][A

100%|â–ˆâ–ˆâ–ˆâ–ˆâ–ˆâ–ˆâ–ˆâ–ˆâ–ˆâ–ˆ| 25/25 [00:55<00:00,  1.61s/it][A
                                                

                                               
[A
 67%|â–ˆâ–ˆâ–ˆâ–ˆâ–ˆâ–ˆâ–‹   | 98/147 [15:19<06:23,  7.82s/it]

100%|â–ˆâ–ˆâ–ˆâ–ˆâ–ˆâ–ˆâ–ˆâ–ˆâ–ˆâ–ˆ| 25/25 [00:55<00:00,  1.61s/it][A

                                               [A
 67%|â–ˆâ–ˆâ–ˆâ–ˆâ–ˆâ–ˆâ–‹   | 99/147 [15:29<21:10, 26.47s/it]
 68%|â–ˆâ–ˆâ–ˆâ–ˆâ–ˆâ–ˆâ–Š   | 100/147 [15:37<16:20, 20.86s/it]
                                                 

 68%|â–ˆâ–ˆâ–ˆâ–ˆâ–ˆâ–ˆâ–Š   | 100/147 [15:37<16:20, 20.86s/it]
 69%|â–ˆâ–ˆâ–ˆâ–ˆâ–ˆâ–ˆâ–Š   | 101/147 [15:45<13:04, 17.05s/it]
 69%|â–ˆâ–ˆâ–ˆâ–ˆâ–ˆâ–ˆâ–‰   | 102/147 [15:53<10:44, 14.33s/it]
 70%|â–ˆâ–ˆâ–ˆâ–ˆâ–ˆâ–ˆâ–ˆ   | 103/147 [16:01<09:06, 12.43s/it]
 71%|â–ˆâ–ˆâ–ˆâ–ˆâ–ˆâ–ˆâ–ˆ   | 104/147 [16:09<07:59, 11.15s/it]
 71%|â–ˆâ–ˆâ–ˆâ–ˆâ–ˆâ–ˆâ–ˆâ–  | 105/147 [16:17<07:08, 10.21s/it]
 72%|â–ˆâ–ˆâ–ˆâ–ˆâ–ˆâ–ˆâ–ˆâ–  | 106/147 [16:25<06:32,  9.58s/it]
 73%|â–ˆâ–ˆâ–ˆâ–ˆâ–ˆâ–ˆâ–ˆâ–Ž  | 107/147 [16:33<06:04,  9.12s/it]
 73%|â–ˆâ–ˆâ–ˆâ–ˆâ–ˆâ–ˆâ–ˆâ–Ž  | 108/147 [16:41<05:43,  8.81s/it]
 74%|â–ˆâ–ˆâ–ˆâ–ˆâ–ˆâ–ˆâ–ˆâ–  | 109/147 [16:49<05:28,  8.64s/it]
 75%|â–ˆâ–ˆâ–ˆâ–ˆâ–ˆâ–ˆâ–ˆâ–  | 110/147 [16:57<05:13,  8.47s/it]
 76%|â–ˆâ–ˆâ–ˆâ–ˆâ–ˆâ–ˆâ–ˆâ–Œ  | 111/147 [17:06<05:00,  8.35s/it]
 76%|â–ˆâ–ˆâ–ˆâ–ˆâ–ˆâ–ˆâ–ˆâ–Œ  | 112/147 [17:14<04:49,  8.26s/it]
 77%|â–ˆâ–ˆâ–ˆâ–ˆâ–ˆâ–ˆâ–ˆâ–‹  | 113/147 [17:22<04:37,  8.17s/it]
 78%|â–ˆâ–ˆâ–ˆâ–ˆâ–ˆâ–ˆâ–ˆâ–Š  | 114/147 [17:30<04:31,  8.22s/it]
 78%|â–ˆâ–ˆâ–ˆâ–ˆâ–ˆâ–ˆâ–ˆâ–Š  | 115/147 [17:38<04:21,  8.18s/it]
 79%|â–ˆâ–ˆâ–ˆâ–ˆâ–ˆâ–ˆâ–ˆâ–‰  | 116/147 [17:46<04:14,  8.20s/it]
 80%|â–ˆâ–ˆâ–ˆâ–ˆâ–ˆâ–ˆâ–ˆâ–‰  | 117/147 [17:54<04:04,  8.15s/it]
 80%|â–ˆâ–ˆâ–ˆâ–ˆâ–ˆâ–ˆâ–ˆâ–ˆ  | 118/147 [18:02<03:54,  8.08s/it]
 81%|â–ˆâ–ˆâ–ˆâ–ˆâ–ˆâ–ˆâ–ˆâ–ˆ  | 119/147 [18:10<03:46,  8.11s/it]
 82%|â–ˆâ–ˆâ–ˆâ–ˆâ–ˆâ–ˆâ–ˆâ–ˆâ– | 120/147 [18:18<03:38,  8.11s/it]
 82%|â–ˆâ–ˆâ–ˆâ–ˆâ–ˆâ–ˆâ–ˆâ–ˆâ– | 121/147 [18:26<03:30,  8.08s/it]
 83%|â–ˆâ–ˆâ–ˆâ–ˆâ–ˆâ–ˆâ–ˆâ–ˆâ–Ž | 122/147 [18:35<03:24,  8.16s/it]
 84%|â–ˆâ–ˆâ–ˆâ–ˆâ–ˆâ–ˆâ–ˆâ–ˆâ–Ž | 123/147 [18:43<03:15,  8.13s/it]
 84%|â–ˆâ–ˆâ–ˆâ–ˆâ–ˆâ–ˆâ–ˆâ–ˆâ– | 124/147 [18:51<03:07,  8.14s/it]
 85%|â–ˆâ–ˆâ–ˆâ–ˆâ–ˆâ–ˆâ–ˆâ–ˆâ–Œ | 125/147 [18:59<02:58,  8.10s/it]
                                                 

 85%|â–ˆâ–ˆâ–ˆâ–ˆâ–ˆâ–ˆâ–ˆâ–ˆâ–Œ | 125/147 [18:59<02:58,  8.10s/it]
 86%|â–ˆâ–ˆâ–ˆâ–ˆâ–ˆâ–ˆâ–ˆâ–ˆâ–Œ | 126/147 [19:07<02:51,  8.16s/it]
 86%|â–ˆâ–ˆâ–ˆâ–ˆâ–ˆâ–ˆâ–ˆâ–ˆâ–‹ | 127/147 [19:15<02:42,  8.14s/it]
 87%|â–ˆâ–ˆâ–ˆâ–ˆâ–ˆâ–ˆâ–ˆâ–ˆâ–‹ | 128/147 [19:24<02:34,  8.15s/it]
 88%|â–ˆâ–ˆâ–ˆâ–ˆâ–ˆâ–ˆâ–ˆâ–ˆâ–Š | 129/147 [19:32<02:25,  8.09s/it]
 88%|â–ˆâ–ˆâ–ˆâ–ˆâ–ˆâ–ˆâ–ˆâ–ˆâ–Š | 130/147 [19:40<02:17,  8.11s/it]
 89%|â–ˆâ–ˆâ–ˆâ–ˆâ–ˆâ–ˆâ–ˆâ–ˆâ–‰ | 131/147 [19:48<02:09,  8.07s/it]
 90%|â–ˆâ–ˆâ–ˆâ–ˆâ–ˆâ–ˆâ–ˆâ–ˆâ–‰ | 132/147 [19:56<02:02,  8.14s/it]
 90%|â–ˆâ–ˆâ–ˆâ–ˆâ–ˆâ–ˆâ–ˆâ–ˆâ–ˆ | 133/147 [20:04<01:52,  8.07s/it]
 91%|â–ˆâ–ˆâ–ˆâ–ˆâ–ˆâ–ˆâ–ˆâ–ˆâ–ˆ | 134/147 [20:12<01:44,  8.05s/it]
 92%|â–ˆâ–ˆâ–ˆâ–ˆâ–ˆâ–ˆâ–ˆâ–ˆâ–ˆâ–| 135/147 [20:20<01:37,  8.09s/it]
 93%|â–ˆâ–ˆâ–ˆâ–ˆâ–ˆâ–ˆâ–ˆâ–ˆâ–ˆâ–Ž| 136/147 [20:28<01:29,  8.11s/it]
 93%|â–ˆâ–ˆâ–ˆâ–ˆâ–ˆâ–ˆâ–ˆâ–ˆâ–ˆâ–Ž| 137/147 [20:36<01:21,  8.12s/it]
 94%|â–ˆâ–ˆâ–ˆâ–ˆâ–ˆâ–ˆâ–ˆâ–ˆâ–ˆâ–| 138/147 [20:44<01:12,  8.11s/it]
 95%|â–ˆâ–ˆâ–ˆâ–ˆâ–ˆâ–ˆâ–ˆâ–ˆâ–ˆâ–| 139/147 [20:53<01:04,  8.12s/it]
 95%|â–ˆâ–ˆâ–ˆâ–ˆâ–ˆâ–ˆâ–ˆâ–ˆâ–ˆâ–Œ| 140/147 [21:01<00:57,  8.17s/it]
 96%|â–ˆâ–ˆâ–ˆâ–ˆâ–ˆâ–ˆâ–ˆâ–ˆâ–ˆâ–Œ| 141/147 [21:09<00:48,  8.15s/it]
 97%|â–ˆâ–ˆâ–ˆâ–ˆâ–ˆâ–ˆâ–ˆâ–ˆâ–ˆâ–‹| 142/147 [21:17<00:40,  8.17s/it]
 97%|â–ˆâ–ˆâ–ˆâ–ˆâ–ˆâ–ˆâ–ˆâ–ˆâ–ˆâ–‹| 143/147 [21:25<00:32,  8.14s/it]
 98%|â–ˆâ–ˆâ–ˆâ–ˆâ–ˆâ–ˆâ–ˆâ–ˆâ–ˆâ–Š| 144/147 [21:33<00:24,  8.10s/it]
 99%|â–ˆâ–ˆâ–ˆâ–ˆâ–ˆâ–ˆâ–ˆâ–ˆâ–ˆâ–Š| 145/147 [21:41<00:16,  8.09s/it]
 99%|â–ˆâ–ˆâ–ˆâ–ˆâ–ˆâ–ˆâ–ˆâ–ˆâ–ˆâ–‰| 146/147 [21:50<00:08,  8.15s/it]
100%|â–ˆâ–ˆâ–ˆâ–ˆâ–ˆâ–ˆâ–ˆâ–ˆâ–ˆâ–ˆ| 147/147 [21:57<00:00,  7.90s/it]{'eval_loss': 0.18012264370918274, 'eval_runtime': 60.3515, 'eval_samples_per_second': 3.248, 'eval_steps_per_second': 0.414, 'eval_num_tokens': 1580526.0, 'eval_mean_token_accuracy': 0.9552215719223023, 'epoch': 2.0}
{'loss': 0.1631, 'grad_norm': 0.23597396910190582, 'learning_rate': 2.9229249349905684e-05, 'num_tokens': 1612624.0, 'mean_token_accuracy': 0.9579033094644547, 'epoch': 2.04}
{'loss': 0.1445, 'grad_norm': 0.25960174202919006, 'learning_rate': 7.305935398942598e-06, 'num_tokens': 2015349.0, 'mean_token_accuracy': 0.9617562478780747, 'epoch': 2.55}


  0%|          | 0/25 [00:00<?, ?it/s][A

  8%|â–Š         | 2/25 [00:02<00:32,  1.41s/it][A

 12%|â–ˆâ–        | 3/25 [00:05<00:39,  1.81s/it][A

 16%|â–ˆâ–Œ        | 4/25 [00:07<00:44,  2.11s/it][A

 20%|â–ˆâ–ˆ        | 5/25 [00:10<00:44,  2.23s/it][A

 24%|â–ˆâ–ˆâ–       | 6/25 [00:12<00:44,  2.34s/it][A

 28%|â–ˆâ–ˆâ–Š       | 7/25 [00:15<00:42,  2.38s/it][A

 32%|â–ˆâ–ˆâ–ˆâ–      | 8/25 [00:17<00:40,  2.39s/it][A

 36%|â–ˆâ–ˆâ–ˆâ–Œ      | 9/25 [00:20<00:38,  2.40s/it][A

 40%|â–ˆâ–ˆâ–ˆâ–ˆ      | 10/25 [00:22<00:36,  2.46s/it][A

 44%|â–ˆâ–ˆâ–ˆâ–ˆâ–     | 11/25 [00:25<00:34,  2.46s/it][A

 48%|â–ˆâ–ˆâ–ˆâ–ˆâ–Š     | 12/25 [00:27<00:31,  2.45s/it][A

 52%|â–ˆâ–ˆâ–ˆâ–ˆâ–ˆâ–    | 13/25 [00:30<00:29,  2.43s/it][A

 56%|â–ˆâ–ˆâ–ˆâ–ˆâ–ˆâ–Œ    | 14/25 [00:32<00:26,  2.41s/it][A

 60%|â–ˆâ–ˆâ–ˆâ–ˆâ–ˆâ–ˆ    | 15/25 [00:34<00:24,  2.42s/it][A

 64%|â–ˆâ–ˆâ–ˆâ–ˆâ–ˆâ–ˆâ–   | 16/25 [00:37<00:21,  2.42s/it][A

 68%|â–ˆâ–ˆâ–ˆâ–ˆâ–ˆâ–ˆâ–Š   | 17/25 [00:39<00:19,  2.46s/it][A

 72%|â–ˆâ–ˆâ–ˆâ–ˆâ–ˆâ–ˆâ–ˆâ–  | 18/25 [00:42<00:17,  2.52s/it][A

 76%|â–ˆâ–ˆâ–ˆâ–ˆâ–ˆâ–ˆâ–ˆâ–Œ  | 19/25 [00:44<00:15,  2.51s/it][A

 80%|â–ˆâ–ˆâ–ˆâ–ˆâ–ˆâ–ˆâ–ˆâ–ˆ  | 20/25 [00:47<00:12,  2.52s/it][A

 84%|â–ˆâ–ˆâ–ˆâ–ˆâ–ˆâ–ˆâ–ˆâ–ˆâ– | 21/25 [00:49<00:10,  2.51s/it][A

 88%|â–ˆâ–ˆâ–ˆâ–ˆâ–ˆâ–ˆâ–ˆâ–ˆâ–Š | 22/25 [00:52<00:07,  2.50s/it][A

 92%|â–ˆâ–ˆâ–ˆâ–ˆâ–ˆâ–ˆâ–ˆâ–ˆâ–ˆâ–| 23/25 [00:54<00:04,  2.46s/it][A

 96%|â–ˆâ–ˆâ–ˆâ–ˆâ–ˆâ–ˆâ–ˆâ–ˆâ–ˆâ–Œ| 24/25 [00:56<00:02,  2.17s/it][A

100%|â–ˆâ–ˆâ–ˆâ–ˆâ–ˆâ–ˆâ–ˆâ–ˆâ–ˆâ–ˆ| 25/25 [00:56<00:00,  1.62s/it][A
                                                 

                                               
[A
100%|â–ˆâ–ˆâ–ˆâ–ˆâ–ˆâ–ˆâ–ˆâ–ˆâ–ˆâ–ˆ| 147/147 [22:58<00:00,  7.90s/it]

100%|â–ˆâ–ˆâ–ˆâ–ˆâ–ˆâ–ˆâ–ˆâ–ˆâ–ˆâ–ˆ| 25/25 [00:56<00:00,  1.62s/it][A

                                               [A
                                                 

100%|â–ˆâ–ˆâ–ˆâ–ˆâ–ˆâ–ˆâ–ˆâ–ˆâ–ˆâ–ˆ| 147/147 [22:59<00:00,  7.90s/it]
100%|â–ˆâ–ˆâ–ˆâ–ˆâ–ˆâ–ˆâ–ˆâ–ˆâ–ˆâ–ˆ| 147/147 [22:59<00:00,  9.38s/it]
{'eval_loss': 0.17852596938610077, 'eval_runtime': 60.797, 'eval_samples_per_second': 3.224, 'eval_steps_per_second': 0.411, 'eval_num_tokens': 2370789.0, 'eval_mean_token_accuracy': 0.9559691667556762, 'epoch': 3.0}
{'train_runtime': 1379.1831, 'train_samples_per_second': 1.705, 'train_steps_per_second': 0.107, 'train_loss': 0.44071926551611246, 'num_tokens': 2370789.0, 'mean_token_accuracy': 0.9609501422806219, 'epoch': 3.0}
***** train metrics *****
  total_flos               =  4631424GF
  train_loss               =     0.4407
  train_runtime            = 0:22:59.18
  train_samples_per_second =      1.705
  train_steps_per_second   =      0.107
config_file for training: config/config-256M-14.yaml
Training time: 22.989153166611988
log_history
[{'loss': 1.6887, 'grad_norm': 0.31738483905792236, 'learning_rate': 9.885734329855798e-05, 'num_tokens': 402507.0, 'mean_token_accuracy': 0.6847200021147728, 'epoch': 0.5102040816326531, 'step': 25}, {'eval_loss': 0.24090154469013214, 'eval_runtime': 60.4843, 'eval_samples_per_second': 3.241, 'eval_steps_per_second': 0.413, 'eval_num_tokens': 790263.0, 'eval_mean_token_accuracy': 0.9465308690071106, 'epoch': 1.0, 'step': 49}, {'loss': 0.2757, 'grad_norm': 0.30482715368270874, 'learning_rate': 8.450395057410561e-05, 'num_tokens': 806179.0, 'mean_token_accuracy': 0.9450673562288284, 'epoch': 1.0204081632653061, 'step': 50}, {'loss': 0.1911, 'grad_norm': 0.28368455171585083, 'learning_rate': 5.829150026271871e-05, 'num_tokens': 1211058.0, 'mean_token_accuracy': 0.9522387599945068, 'epoch': 1.5306122448979593, 'step': 75}, {'eval_loss': 0.18012264370918274, 'eval_runtime': 60.3515, 'eval_samples_per_second': 3.248, 'eval_steps_per_second': 0.414, 'eval_num_tokens': 1580526.0, 'eval_mean_token_accuracy': 0.9552215719223023, 'epoch': 2.0, 'step': 98}, {'loss': 0.1631, 'grad_norm': 0.23597396910190582, 'learning_rate': 2.9229249349905684e-05, 'num_tokens': 1612624.0, 'mean_token_accuracy': 0.9579033094644547, 'epoch': 2.0408163265306123, 'step': 100}, {'loss': 0.1445, 'grad_norm': 0.25960174202919006, 'learning_rate': 7.305935398942598e-06, 'num_tokens': 2015349.0, 'mean_token_accuracy': 0.9617562478780747, 'epoch': 2.5510204081632653, 'step': 125}, {'eval_loss': 0.17852596938610077, 'eval_runtime': 60.797, 'eval_samples_per_second': 3.224, 'eval_steps_per_second': 0.411, 'eval_num_tokens': 2370789.0, 'eval_mean_token_accuracy': 0.9559691667556762, 'epoch': 3.0, 'step': 147}, {'train_runtime': 1379.1831, 'train_samples_per_second': 1.705, 'train_steps_per_second': 0.107, 'total_flos': 4972953695715840.0, 'train_loss': 0.44071926551611246, 'num_tokens': 2370789.0, 'mean_token_accuracy': 0.9609501422806219, 'epoch': 3.0, 'step': 147}]
r 256
lora_alpha 256
lora_dropout 0.1
target_modules ['q_proj', 'k_proj', 'v_proj', 'o_proj', 'gate_proj', 'up_proj', 'down_proj', 'lm_head']
HuggingFaceTB/SmolVLM-256M-Instruct EM= 37.82%  Relaxed= 48.09%  (1880 num / 1978 valid)
inference time: 22.351297001043957
---------------------------------------
Begin Slurm Epilog: Apr-26-2025 02:24:20
Job ID:        2537558
User ID:       ryoshida7
Account:       coc
Job name:      256M-instruct-comp-ti-14
Resources:     cpu=1,gres/gpu:a100=1,mem=32G,node=1
Rsrc Used:     cput=00:46:40,vmem=0,walltime=00:46:40,mem=13847816K,energy_used=0
Partition:     coc-gpu
QOS:           coc-ice
Nodes:         atl1-1-03-007-35-0
---------------------------------------
