---------------------------------------
Begin Slurm Prolog: Apr-26-2025 02:57:39
Job ID:    2537588
User ID:   ryoshida7
Account:   coc
Job name:  smolvlm-orig-base-256M
Partition: coc-gpu
QOS:       coc-ice
---------------------------------------
Xet Storage is enabled for this repo, but the 'hf_xet' package is not installed. Falling back to regular HTTP download. For better performance, install the package with: `pip install huggingface_hub[hf_xet]` or `pip install hf_xet`
r 8
lora_alpha 8
lora_dropout 0.1
target_modules ['down_proj', 'o_proj', 'k_proj', 'q_proj', 'gate_proj', 'up_proj', 'v_proj']
HuggingFaceTB/SmolVLM-256M-Base EM=  2.04%  Relaxed=  3.23%  (713 num / 734 valid)
inference time: 46.813019100824995
---------------------------------------
Begin Slurm Epilog: Apr-26-2025 03:44:51
Job ID:        2537588
User ID:       ryoshida7
Account:       coc
Job name:      smolvlm-orig-base-256M
Resources:     cpu=1,gres/gpu:a100=1,mem=32G,node=1
Rsrc Used:     cput=00:47:12,vmem=0,walltime=00:47:12,mem=12371424K,energy_used=0
Partition:     coc-gpu
QOS:           coc-ice
Nodes:         atl1-1-03-007-33-0
---------------------------------------
