---------------------------------------
Begin Slurm Prolog: Apr-26-2025 02:28:21
Job ID:    2537586
User ID:   ryoshida7
Account:   coc
Job name:  smolvlm-orig-inst-500M
Partition: coc-gpu
QOS:       coc-ice
---------------------------------------
r 8
lora_alpha 8
lora_dropout 0.1
target_modules ['down_proj', 'o_proj', 'k_proj', 'q_proj', 'gate_proj', 'up_proj', 'v_proj']
HuggingFaceTB/SmolVLM-500M-Instruct EM= 38.16%  Relaxed= 48.66%  (1309 num / 1313 valid)
inference time: 28.27552400827408
---------------------------------------
Begin Slurm Epilog: Apr-26-2025 02:57:33
Job ID:        2537586
User ID:       ryoshida7
Account:       coc
Job name:      smolvlm-orig-inst-500M
Resources:     cpu=1,gres/gpu:a100=1,mem=32G,node=1
Rsrc Used:     cput=00:29:12,vmem=0,walltime=00:29:12,mem=11672812K,energy_used=0
Partition:     coc-gpu
QOS:           coc-ice
Nodes:         atl1-1-03-007-33-0
---------------------------------------
